{"C:\\Users\\Yago\\WebstormProjects\\yago-lopez-harbiz-recruit-challange\\calendar-spots\\Calendar.js": {"path":"C:\\Users\\Yago\\WebstormProjects\\yago-lopez-harbiz-recruit-challange\\calendar-spots\\Calendar.js","statementMap":{"0":{"start":{"line":1,"column":15},"end":{"line":1,"column":32}},"1":{"start":{"line":2,"column":11},"end":{"line":2,"column":24}},"2":{"start":{"line":7,"column":15},"end":{"line":7,"column":76}},"3":{"start":{"line":8,"column":12},"end":{"line":8,"column":31}},"4":{"start":{"line":9,"column":17},"end":{"line":9,"column":64}},"5":{"start":{"line":10,"column":22},"end":{"line":10,"column":41}},"6":{"start":{"line":11,"column":21},"end":{"line":11,"column":39}},"7":{"start":{"line":12,"column":16},"end":{"line":12,"column":18}},"8":{"start":{"line":13,"column":1},"end":{"line":17,"column":2}},"9":{"start":{"line":14,"column":2},"end":{"line":16,"column":3}},"10":{"start":{"line":15,"column":3},"end":{"line":15,"column":29}},"11":{"start":{"line":19,"column":19},"end":{"line":19,"column":21}},"12":{"start":{"line":20,"column":1},"end":{"line":48,"column":3}},"13":{"start":{"line":21,"column":2},"end":{"line":47,"column":3}},"14":{"start":{"line":22,"column":21},"end":{"line":22,"column":25}},"15":{"start":{"line":23,"column":3},"end":{"line":41,"column":5}},"16":{"start":{"line":24,"column":23},"end":{"line":24,"column":74}},"17":{"start":{"line":25,"column":21},"end":{"line":25,"column":70}},"18":{"start":{"line":26,"column":16},"end":{"line":26,"column":63}},"19":{"start":{"line":27,"column":14},"end":{"line":27,"column":59}},"20":{"start":{"line":28,"column":4},"end":{"line":40,"column":5}},"21":{"start":{"line":29,"column":5},"end":{"line":29,"column":68}},"22":{"start":{"line":30,"column":5},"end":{"line":30,"column":64}},"23":{"start":{"line":31,"column":5},"end":{"line":31,"column":24}},"24":{"start":{"line":32,"column":11},"end":{"line":40,"column":5}},"25":{"start":{"line":33,"column":5},"end":{"line":33,"column":64}},"26":{"start":{"line":34,"column":5},"end":{"line":34,"column":24}},"27":{"start":{"line":35,"column":11},"end":{"line":40,"column":5}},"28":{"start":{"line":36,"column":5},"end":{"line":36,"column":68}},"29":{"start":{"line":37,"column":5},"end":{"line":37,"column":24}},"30":{"start":{"line":38,"column":11},"end":{"line":40,"column":5}},"31":{"start":{"line":39,"column":5},"end":{"line":39,"column":24}},"32":{"start":{"line":42,"column":3},"end":{"line":44,"column":4}},"33":{"start":{"line":43,"column":4},"end":{"line":43,"column":27}},"34":{"start":{"line":46,"column":3},"end":{"line":46,"column":26}},"35":{"start":{"line":50,"column":15},"end":{"line":50,"column":17}},"36":{"start":{"line":51,"column":1},"end":{"line":106,"column":4}},"37":{"start":{"line":52,"column":13},"end":{"line":52,"column":14}},"38":{"start":{"line":59,"column":26},"end":{"line":59,"column":54}},"39":{"start":{"line":60,"column":4},"end":{"line":60,"column":27}},"40":{"start":{"line":63,"column":17},"end":{"line":63,"column":69}},"41":{"start":{"line":64,"column":4},"end":{"line":64,"column":18}},"42":{"start":{"line":67,"column":17},"end":{"line":67,"column":74}},"43":{"start":{"line":68,"column":4},"end":{"line":68,"column":18}},"44":{"start":{"line":71,"column":25},"end":{"line":71,"column":49}},"45":{"start":{"line":73,"column":3},"end":{"line":73,"column":46}},"46":{"start":{"line":74,"column":3},"end":{"line":74,"column":83}},"47":{"start":{"line":75,"column":3},"end":{"line":75,"column":64}},"48":{"start":{"line":76,"column":3},"end":{"line":76,"column":56}},"49":{"start":{"line":78,"column":4},"end":{"line":80,"column":5}},"50":{"start":{"line":79,"column":3},"end":{"line":79,"column":15}},"51":{"start":{"line":81,"column":20},"end":{"line":90,"column":5}},"52":{"start":{"line":91,"column":4},"end":{"line":91,"column":14}},"53":{"start":{"line":92,"column":4},"end":{"line":92,"column":19}},"54":{"start":{"line":95,"column":14},"end":{"line":95,"column":24}},"55":{"start":{"line":97,"column":2},"end":{"line":103,"column":23}},"56":{"start":{"line":98,"column":4},"end":{"line":98,"column":49}},"57":{"start":{"line":99,"column":4},"end":{"line":102,"column":5}},"58":{"start":{"line":100,"column":3},"end":{"line":100,"column":28}},"59":{"start":{"line":101,"column":3},"end":{"line":101,"column":57}},"60":{"start":{"line":105,"column":2},"end":{"line":105,"column":17}},"61":{"start":{"line":107,"column":1},"end":{"line":107,"column":16}},"62":{"start":{"line":110,"column":0},"end":{"line":110,"column":38}}},"fnMap":{"0":{"name":"getAvailableSpots","decl":{"start":{"line":6,"column":9},"end":{"line":6,"column":26}},"loc":{"start":{"line":6,"column":54},"end":{"line":108,"column":1}},"line":6},"1":{"name":"(anonymous_1)","decl":{"start":{"line":20,"column":18},"end":{"line":20,"column":19}},"loc":{"start":{"line":20,"column":29},"end":{"line":48,"column":2}},"line":20},"2":{"name":"(anonymous_2)","decl":{"start":{"line":23,"column":31},"end":{"line":23,"column":32}},"loc":{"start":{"line":23,"column":46},"end":{"line":41,"column":4}},"line":23},"3":{"name":"(anonymous_3)","decl":{"start":{"line":51,"column":19},"end":{"line":51,"column":20}},"loc":{"start":{"line":51,"column":35},"end":{"line":106,"column":2}},"line":51},"4":{"name":"getMomentHour","decl":{"start":{"line":58,"column":11},"end":{"line":58,"column":24}},"loc":{"start":{"line":58,"column":31},"end":{"line":61,"column":3}},"line":58},"5":{"name":"addMinutes","decl":{"start":{"line":62,"column":11},"end":{"line":62,"column":21}},"loc":{"start":{"line":62,"column":37},"end":{"line":65,"column":3}},"line":62},"6":{"name":"removeMinutes","decl":{"start":{"line":66,"column":11},"end":{"line":66,"column":24}},"loc":{"start":{"line":66,"column":40},"end":{"line":69,"column":3}},"line":66},"7":{"name":"getOneMiniSlot","decl":{"start":{"line":70,"column":11},"end":{"line":70,"column":25}},"loc":{"start":{"line":70,"column":46},"end":{"line":93,"column":3}},"line":70}},"branchMap":{"0":{"loc":{"start":{"line":14,"column":2},"end":{"line":16,"column":3}},"type":"if","locations":[{"start":{"line":14,"column":2},"end":{"line":16,"column":3}},{"start":{},"end":{}}],"line":14},"1":{"loc":{"start":{"line":21,"column":2},"end":{"line":47,"column":3}},"type":"if","locations":[{"start":{"line":21,"column":2},"end":{"line":47,"column":3}},{"start":{"line":45,"column":9},"end":{"line":47,"column":3}}],"line":21},"2":{"loc":{"start":{"line":21,"column":6},"end":{"line":21,"column":42}},"type":"binary-expr","locations":[{"start":{"line":21,"column":6},"end":{"line":21,"column":19}},{"start":{"line":21,"column":23},"end":{"line":21,"column":42}}],"line":21},"3":{"loc":{"start":{"line":28,"column":4},"end":{"line":40,"column":5}},"type":"if","locations":[{"start":{"line":28,"column":4},"end":{"line":40,"column":5}},{"start":{"line":32,"column":11},"end":{"line":40,"column":5}}],"line":28},"4":{"loc":{"start":{"line":28,"column":8},"end":{"line":28,"column":48}},"type":"binary-expr","locations":[{"start":{"line":28,"column":8},"end":{"line":28,"column":28}},{"start":{"line":28,"column":32},"end":{"line":28,"column":48}}],"line":28},"5":{"loc":{"start":{"line":32,"column":11},"end":{"line":40,"column":5}},"type":"if","locations":[{"start":{"line":32,"column":11},"end":{"line":40,"column":5}},{"start":{"line":35,"column":11},"end":{"line":40,"column":5}}],"line":32},"6":{"loc":{"start":{"line":32,"column":15},"end":{"line":32,"column":57}},"type":"binary-expr","locations":[{"start":{"line":32,"column":15},"end":{"line":32,"column":37}},{"start":{"line":32,"column":41},"end":{"line":32,"column":57}}],"line":32},"7":{"loc":{"start":{"line":35,"column":11},"end":{"line":40,"column":5}},"type":"if","locations":[{"start":{"line":35,"column":11},"end":{"line":40,"column":5}},{"start":{"line":38,"column":11},"end":{"line":40,"column":5}}],"line":35},"8":{"loc":{"start":{"line":35,"column":15},"end":{"line":35,"column":57}},"type":"binary-expr","locations":[{"start":{"line":35,"column":15},"end":{"line":35,"column":35}},{"start":{"line":35,"column":39},"end":{"line":35,"column":57}}],"line":35},"9":{"loc":{"start":{"line":38,"column":11},"end":{"line":40,"column":5}},"type":"if","locations":[{"start":{"line":38,"column":11},"end":{"line":40,"column":5}},{"start":{},"end":{}}],"line":38},"10":{"loc":{"start":{"line":38,"column":15},"end":{"line":38,"column":59}},"type":"binary-expr","locations":[{"start":{"line":38,"column":15},"end":{"line":38,"column":37}},{"start":{"line":38,"column":41},"end":{"line":38,"column":59}}],"line":38},"11":{"loc":{"start":{"line":42,"column":3},"end":{"line":44,"column":4}},"type":"if","locations":[{"start":{"line":42,"column":3},"end":{"line":44,"column":4}},{"start":{},"end":{}}],"line":42},"12":{"loc":{"start":{"line":78,"column":4},"end":{"line":80,"column":5}},"type":"if","locations":[{"start":{"line":78,"column":4},"end":{"line":80,"column":5}},{"start":{},"end":{}}],"line":78},"13":{"loc":{"start":{"line":99,"column":4},"end":{"line":102,"column":5}},"type":"if","locations":[{"start":{"line":99,"column":4},"end":{"line":102,"column":5}},{"start":{},"end":{}}],"line":99}},"s":{"0":1,"1":1,"2":3,"3":3,"4":3,"5":3,"6":3,"7":3,"8":3,"9":6,"10":2,"11":3,"12":3,"13":6,"14":6,"15":6,"16":9,"17":9,"18":9,"19":9,"20":9,"21":0,"22":0,"23":0,"24":9,"25":0,"26":0,"27":9,"28":0,"29":0,"30":9,"31":3,"32":6,"33":3,"34":0,"35":3,"36":3,"37":3,"38":5,"39":5,"40":15,"41":15,"42":0,"43":0,"44":5,"45":5,"46":5,"47":5,"48":5,"49":5,"50":3,"51":2,"52":2,"53":2,"54":3,"55":3,"56":5,"57":5,"58":2,"59":2,"60":3,"61":3,"62":1},"f":{"0":3,"1":6,"2":9,"3":3,"4":5,"5":15,"6":0,"7":5},"b":{"0":[2,4],"1":[6,0],"2":[6,6],"3":[0,9],"4":[9,2],"5":[0,9],"6":[9,3],"7":[0,9],"8":[9,2],"9":[3,6],"10":[9,3],"11":[3,3],"12":[3,2],"13":[2,3]},"_coverageSchema":"1a1c01bbd47fc00a2c39e90264f33305004495a9","hash":"a5be5fde026fcb9d94214e39f6f1f90ceb003258"}
}
