TN:
SF:Calendar.js
FN:6,getAvailableSpots
FN:20,(anonymous_1)
FN:23,(anonymous_2)
FN:51,(anonymous_3)
FN:58,getMomentHour
FN:62,addMinutes
FN:66,removeMinutes
FN:70,getOneMiniSlot
FNF:8
FNH:7
FNDA:3,getAvailableSpots
FNDA:6,(anonymous_1)
FNDA:9,(anonymous_2)
FNDA:3,(anonymous_3)
FNDA:5,getMomentHour
FNDA:15,addMinutes
FNDA:0,removeMinutes
FNDA:5,getOneMiniSlot
DA:1,1
DA:2,1
DA:7,3
DA:8,3
DA:9,3
DA:10,3
DA:11,3
DA:12,3
DA:13,3
DA:14,6
DA:15,2
DA:19,3
DA:20,3
DA:21,6
DA:22,6
DA:23,6
DA:24,9
DA:25,9
DA:26,9
DA:27,9
DA:28,9
DA:29,0
DA:30,0
DA:31,0
DA:32,9
DA:33,0
DA:34,0
DA:35,9
DA:36,0
DA:37,0
DA:38,9
DA:39,3
DA:42,6
DA:43,3
DA:46,0
DA:50,3
DA:51,3
DA:52,3
DA:59,5
DA:60,5
DA:63,15
DA:64,15
DA:67,0
DA:68,0
DA:71,5
DA:73,5
DA:74,5
DA:75,5
DA:76,5
DA:78,5
DA:79,3
DA:81,2
DA:91,2
DA:92,2
DA:95,3
DA:97,3
DA:98,5
DA:99,5
DA:100,2
DA:101,2
DA:105,3
DA:107,3
DA:110,1
LF:63
LH:53
BRDA:14,0,0,2
BRDA:14,0,1,4
BRDA:21,1,0,6
BRDA:21,1,1,0
BRDA:21,2,0,6
BRDA:21,2,1,6
BRDA:28,3,0,0
BRDA:28,3,1,9
BRDA:28,4,0,9
BRDA:28,4,1,2
BRDA:32,5,0,0
BRDA:32,5,1,9
BRDA:32,6,0,9
BRDA:32,6,1,3
BRDA:35,7,0,0
BRDA:35,7,1,9
BRDA:35,8,0,9
BRDA:35,8,1,2
BRDA:38,9,0,3
BRDA:38,9,1,6
BRDA:38,10,0,9
BRDA:38,10,1,3
BRDA:42,11,0,3
BRDA:42,11,1,3
BRDA:78,12,0,3
BRDA:78,12,1,2
BRDA:99,13,0,2
BRDA:99,13,1,3
BRF:28
BRH:24
end_of_record
